This file contains any messages produced by compilers while
running configure, to aid debugging if configure makes a mistake.

It was created by idba configure 1.1.3, which was
generated by GNU Autoconf 2.69.  Invocation command line was

  $ ./configure 

## --------- ##
## Platform. ##
## --------- ##

hostname = cssd-genome
uname -m = x86_64
uname -r = 4.4.0-72-generic
uname -s = Linux
uname -v = #93-Ubuntu SMP Fri Mar 31 14:07:41 UTC 2017

/usr/bin/uname -p = unknown
/bin/uname -X     = unknown

/bin/arch              = unknown
/usr/bin/arch -k       = unknown
/usr/convex/getsysinfo = unknown
/usr/bin/hostinfo      = unknown
/bin/machine           = unknown
/usr/bin/oslevel       = unknown
/bin/universe          = unknown

PATH: /home/student/bin
PATH: /home/student/.local/bin
PATH: /usr/local/sbin
PATH: /usr/local/bin
PATH: /usr/sbin
PATH: /usr/bin
PATH: /sbin
PATH: /bin
PATH: /usr/games
PATH: /usr/local/games
PATH: /snap/bin


## ----------- ##
## Core tests. ##
## ----------- ##

configure:2216: checking for a BSD-compatible install
configure:2284: result: /usr/bin/install -c
configure:2295: checking whether build environment is sane
configure:2350: result: yes
configure:2501: checking for a thread-safe mkdir -p
configure:2540: result: /bin/mkdir -p
configure:2547: checking for gawk
configure:2563: found /usr/bin/gawk
configure:2574: result: gawk
configure:2585: checking whether make sets $(MAKE)
configure:2607: result: yes
configure:2636: checking whether make supports nested variables
configure:2653: result: yes
configure:2840: checking for g++
configure:2856: found /usr/bin/g++
configure:2867: result: g++
configure:2894: checking for C++ compiler version
configure:2903: g++ --version >&5
g++ (Ubuntu 5.4.0-6ubuntu1~16.04.4) 5.4.0 20160609
Copyright (C) 2015 Free Software Foundation, Inc.
This is free software; see the source for copying conditions.  There is NO
warranty; not even for MERCHANTABILITY or FITNESS FOR A PARTICULAR PURPOSE.

configure:2914: $? = 0
configure:2903: g++ -v >&5
Using built-in specs.
COLLECT_GCC=g++
COLLECT_LTO_WRAPPER=/usr/lib/gcc/x86_64-linux-gnu/5/lto-wrapper
Target: x86_64-linux-gnu
Configured with: ../src/configure -v --with-pkgversion='Ubuntu 5.4.0-6ubuntu1~16.04.4' --with-bugurl=file:///usr/share/doc/gcc-5/README.Bugs --enable-languages=c,ada,c++,java,go,d,fortran,objc,obj-c++ --prefix=/usr --program-suffix=-5 --enable-shared --enable-linker-build-id --libexecdir=/usr/lib --without-included-gettext --enable-threads=posix --libdir=/usr/lib --enable-nls --with-sysroot=/ --enable-clocale=gnu --enable-libstdcxx-debug --enable-libstdcxx-time=yes --with-default-libstdcxx-abi=new --enable-gnu-unique-object --disable-vtable-verify --enable-libmpx --enable-plugin --with-system-zlib --disable-browser-plugin --enable-java-awt=gtk --enable-gtk-cairo --with-java-home=/usr/lib/jvm/java-1.5.0-gcj-5-amd64/jre --enable-java-home --with-jvm-root-dir=/usr/lib/jvm/java-1.5.0-gcj-5-amd64 --with-jvm-jar-dir=/usr/lib/jvm-exports/java-1.5.0-gcj-5-amd64 --with-arch-directory=amd64 --with-ecj-jar=/usr/share/java/eclipse-ecj.jar --enable-objc-gc --enable-multiarch --disable-werror --with-arch-32=i686 --with-abi=m64 --with-multilib-list=m32,m64,mx32 --enable-multilib --with-tune=generic --enable-checking=release --build=x86_64-linux-gnu --host=x86_64-linux-gnu --target=x86_64-linux-gnu
Thread model: posix
gcc version 5.4.0 20160609 (Ubuntu 5.4.0-6ubuntu1~16.04.4) 
configure:2914: $? = 0
configure:2903: g++ -V >&5
g++: error: unrecognized command line option '-V'
g++: fatal error: no input files
compilation terminated.
configure:2914: $? = 1
configure:2903: g++ -qversion >&5
g++: error: unrecognized command line option '-qversion'
g++: fatal error: no input files
compilation terminated.
configure:2914: $? = 1
configure:2934: checking whether the C++ compiler works
configure:2956: g++    conftest.cpp  >&5
configure:2960: $? = 0
configure:3008: result: yes
configure:3011: checking for C++ compiler default output file name
configure:3013: result: a.out
configure:3019: checking for suffix of executables
configure:3026: g++ -o conftest    conftest.cpp  >&5
configure:3030: $? = 0
configure:3052: result: 
configure:3074: checking whether we are cross compiling
configure:3082: g++ -o conftest    conftest.cpp  >&5
configure:3086: $? = 0
configure:3093: ./conftest
configure:3097: $? = 0
configure:3112: result: no
configure:3117: checking for suffix of object files
configure:3139: g++ -c   conftest.cpp >&5
configure:3143: $? = 0
configure:3164: result: o
configure:3168: checking whether we are using the GNU C++ compiler
configure:3187: g++ -c   conftest.cpp >&5
configure:3187: $? = 0
configure:3196: result: yes
configure:3205: checking whether g++ accepts -g
configure:3225: g++ -c -g  conftest.cpp >&5
configure:3225: $? = 0
configure:3266: result: yes
configure:3300: checking for style of include used by make
configure:3328: result: GNU
configure:3354: checking dependency style of g++
configure:3465: result: gcc3
configure:3528: checking for gcc
configure:3544: found /usr/bin/gcc
configure:3555: result: gcc
configure:3784: checking for C compiler version
configure:3793: gcc --version >&5
gcc (Ubuntu 5.4.0-6ubuntu1~16.04.4) 5.4.0 20160609
Copyright (C) 2015 Free Software Foundation, Inc.
This is free software; see the source for copying conditions.  There is NO
warranty; not even for MERCHANTABILITY or FITNESS FOR A PARTICULAR PURPOSE.

configure:3804: $? = 0
configure:3793: gcc -v >&5
Using built-in specs.
COLLECT_GCC=gcc
COLLECT_LTO_WRAPPER=/usr/lib/gcc/x86_64-linux-gnu/5/lto-wrapper
Target: x86_64-linux-gnu
Configured with: ../src/configure -v --with-pkgversion='Ubuntu 5.4.0-6ubuntu1~16.04.4' --with-bugurl=file:///usr/share/doc/gcc-5/README.Bugs --enable-languages=c,ada,c++,java,go,d,fortran,objc,obj-c++ --prefix=/usr --program-suffix=-5 --enable-shared --enable-linker-build-id --libexecdir=/usr/lib --without-included-gettext --enable-threads=posix --libdir=/usr/lib --enable-nls --with-sysroot=/ --enable-clocale=gnu --enable-libstdcxx-debug --enable-libstdcxx-time=yes --with-default-libstdcxx-abi=new --enable-gnu-unique-object --disable-vtable-verify --enable-libmpx --enable-plugin --with-system-zlib --disable-browser-plugin --enable-java-awt=gtk --enable-gtk-cairo --with-java-home=/usr/lib/jvm/java-1.5.0-gcj-5-amd64/jre --enable-java-home --with-jvm-root-dir=/usr/lib/jvm/java-1.5.0-gcj-5-amd64 --with-jvm-jar-dir=/usr/lib/jvm-exports/java-1.5.0-gcj-5-amd64 --with-arch-directory=amd64 --with-ecj-jar=/usr/share/java/eclipse-ecj.jar --enable-objc-gc --enable-multiarch --disable-werror --with-arch-32=i686 --with-abi=m64 --with-multilib-list=m32,m64,mx32 --enable-multilib --with-tune=generic --enable-checking=release --build=x86_64-linux-gnu --host=x86_64-linux-gnu --target=x86_64-linux-gnu
Thread model: posix
gcc version 5.4.0 20160609 (Ubuntu 5.4.0-6ubuntu1~16.04.4) 
configure:3804: $? = 0
configure:3793: gcc -V >&5
gcc: error: unrecognized command line option '-V'
gcc: fatal error: no input files
compilation terminated.
configure:3804: $? = 1
configure:3793: gcc -qversion >&5
gcc: error: unrecognized command line option '-qversion'
gcc: fatal error: no input files
compilation terminated.
configure:3804: $? = 1
configure:3808: checking whether we are using the GNU C compiler
configure:3827: gcc -c   conftest.c >&5
configure:3827: $? = 0
configure:3836: result: yes
configure:3845: checking whether gcc accepts -g
configure:3865: gcc -c -g  conftest.c >&5
configure:3865: $? = 0
configure:3906: result: yes
configure:3923: checking for gcc option to accept ISO C89
configure:3986: gcc  -c -g -O2  conftest.c >&5
configure:3986: $? = 0
configure:3999: result: none needed
configure:4024: checking whether gcc understands -c and -o together
configure:4046: gcc -c conftest.c -o conftest2.o
configure:4049: $? = 0
configure:4046: gcc -c conftest.c -o conftest2.o
configure:4049: $? = 0
configure:4061: result: yes
configure:4080: checking dependency style of gcc
configure:4191: result: gcc3
configure:4253: checking for ranlib
configure:4269: found /usr/bin/ranlib
configure:4280: result: ranlib
configure:4312: checking how to run the C preprocessor
configure:4343: gcc -E  conftest.c
configure:4343: $? = 0
configure:4357: gcc -E  conftest.c
conftest.c:11:28: fatal error: ac_nonexistent.h: No such file or directory
compilation terminated.
configure:4357: $? = 1
configure: failed program was:
| /* confdefs.h */
| #define PACKAGE_NAME "idba"
| #define PACKAGE_TARNAME "idba"
| #define PACKAGE_VERSION "1.1.3"
| #define PACKAGE_STRING "idba 1.1.3"
| #define PACKAGE_BUGREPORT "loneknightpy@gmail.com"
| #define PACKAGE_URL ""
| #define PACKAGE "idba"
| #define VERSION "1.1.3"
| /* end confdefs.h.  */
| #include <ac_nonexistent.h>
configure:4382: result: gcc -E
configure:4402: gcc -E  conftest.c
configure:4402: $? = 0
configure:4416: gcc -E  conftest.c
conftest.c:11:28: fatal error: ac_nonexistent.h: No such file or directory
compilation terminated.
configure:4416: $? = 1
configure: failed program was:
| /* confdefs.h */
| #define PACKAGE_NAME "idba"
| #define PACKAGE_TARNAME "idba"
| #define PACKAGE_VERSION "1.1.3"
| #define PACKAGE_STRING "idba 1.1.3"
| #define PACKAGE_BUGREPORT "loneknightpy@gmail.com"
| #define PACKAGE_URL ""
| #define PACKAGE "idba"
| #define VERSION "1.1.3"
| /* end confdefs.h.  */
| #include <ac_nonexistent.h>
configure:4445: checking for grep that handles long lines and -e
configure:4503: result: /bin/grep
configure:4508: checking for egrep
configure:4570: result: /bin/grep -E
configure:4575: checking for ANSI C header files
configure:4595: gcc -c -g -O2  conftest.c >&5
configure:4595: $? = 0
configure:4668: gcc -o conftest -g -O2   conftest.c  >&5
configure:4668: $? = 0
configure:4668: ./conftest
configure:4668: $? = 0
configure:4679: result: yes
configure:4692: checking for sys/types.h
configure:4692: gcc -c -g -O2  conftest.c >&5
configure:4692: $? = 0
configure:4692: result: yes
configure:4692: checking for sys/stat.h
configure:4692: gcc -c -g -O2  conftest.c >&5
configure:4692: $? = 0
configure:4692: result: yes
configure:4692: checking for stdlib.h
configure:4692: gcc -c -g -O2  conftest.c >&5
configure:4692: $? = 0
configure:4692: result: yes
configure:4692: checking for string.h
configure:4692: gcc -c -g -O2  conftest.c >&5
configure:4692: $? = 0
configure:4692: result: yes
configure:4692: checking for memory.h
configure:4692: gcc -c -g -O2  conftest.c >&5
configure:4692: $? = 0
configure:4692: result: yes
configure:4692: checking for strings.h
configure:4692: gcc -c -g -O2  conftest.c >&5
configure:4692: $? = 0
configure:4692: result: yes
configure:4692: checking for inttypes.h
configure:4692: gcc -c -g -O2  conftest.c >&5
configure:4692: $? = 0
configure:4692: result: yes
configure:4692: checking for stdint.h
configure:4692: gcc -c -g -O2  conftest.c >&5
configure:4692: $? = 0
configure:4692: result: yes
configure:4692: checking for unistd.h
configure:4692: gcc -c -g -O2  conftest.c >&5
configure:4692: $? = 0
configure:4692: result: yes
configure:4704: checking for stdbool.h that conforms to C99
configure:4771: gcc -c -g -O2  conftest.c >&5
configure:4771: $? = 0
configure:4778: result: yes
configure:4780: checking for _Bool
configure:4780: gcc -c -g -O2  conftest.c >&5
configure:4780: $? = 0
configure:4780: gcc -c -g -O2  conftest.c >&5
conftest.c: In function 'main':
conftest.c:57:20: error: expected expression before ')' token
 if (sizeof ((_Bool)))
                    ^
configure:4780: $? = 1
configure: failed program was:
| /* confdefs.h */
| #define PACKAGE_NAME "idba"
| #define PACKAGE_TARNAME "idba"
| #define PACKAGE_VERSION "1.1.3"
| #define PACKAGE_STRING "idba 1.1.3"
| #define PACKAGE_BUGREPORT "loneknightpy@gmail.com"
| #define PACKAGE_URL ""
| #define PACKAGE "idba"
| #define VERSION "1.1.3"
| #define STDC_HEADERS 1
| #define HAVE_SYS_TYPES_H 1
| #define HAVE_SYS_STAT_H 1
| #define HAVE_STDLIB_H 1
| #define HAVE_STRING_H 1
| #define HAVE_MEMORY_H 1
| #define HAVE_STRINGS_H 1
| #define HAVE_INTTYPES_H 1
| #define HAVE_STDINT_H 1
| #define HAVE_UNISTD_H 1
| /* end confdefs.h.  */
| #include <stdio.h>
| #ifdef HAVE_SYS_TYPES_H
| # include <sys/types.h>
| #endif
| #ifdef HAVE_SYS_STAT_H
| # include <sys/stat.h>
| #endif
| #ifdef STDC_HEADERS
| # include <stdlib.h>
| # include <stddef.h>
| #else
| # ifdef HAVE_STDLIB_H
| #  include <stdlib.h>
| # endif
| #endif
| #ifdef HAVE_STRING_H
| # if !defined STDC_HEADERS && defined HAVE_MEMORY_H
| #  include <memory.h>
| # endif
| # include <string.h>
| #endif
| #ifdef HAVE_STRINGS_H
| # include <strings.h>
| #endif
| #ifdef HAVE_INTTYPES_H
| # include <inttypes.h>
| #endif
| #ifdef HAVE_STDINT_H
| # include <stdint.h>
| #endif
| #ifdef HAVE_UNISTD_H
| # include <unistd.h>
| #endif
| int
| main ()
| {
| if (sizeof ((_Bool)))
| 	    return 0;
|   ;
|   return 0;
| }
configure:4780: result: yes
configure:4797: checking for an ANSI C-conforming const
configure:4863: gcc -c -g -O2  conftest.c >&5
configure:4863: $? = 0
configure:4870: result: yes
configure:4880: checking for working memcmp
configure:4923: gcc -o conftest -g -O2   conftest.c  >&5
configure:4923: $? = 0
configure:4923: ./conftest
configure:4923: $? = 0
configure:4933: result: yes
configure:4944: checking for vprintf
configure:4944: gcc -o conftest -g -O2   conftest.c  >&5
conftest.c:46:6: warning: conflicting types for built-in function 'vprintf'
 char vprintf ();
      ^
configure:4944: $? = 0
configure:4944: result: yes
configure:4950: checking for _doprnt
configure:4950: gcc -o conftest -g -O2   conftest.c  >&5
/tmp/ccJ9QNVs.o: In function `main':
/home/student/SeniorDesign-MetagenomicPipeline/idba-master/conftest.c:58: undefined reference to `_doprnt'
collect2: error: ld returned 1 exit status
configure:4950: $? = 1
configure: failed program was:
| /* confdefs.h */
| #define PACKAGE_NAME "idba"
| #define PACKAGE_TARNAME "idba"
| #define PACKAGE_VERSION "1.1.3"
| #define PACKAGE_STRING "idba 1.1.3"
| #define PACKAGE_BUGREPORT "loneknightpy@gmail.com"
| #define PACKAGE_URL ""
| #define PACKAGE "idba"
| #define VERSION "1.1.3"
| #define STDC_HEADERS 1
| #define HAVE_SYS_TYPES_H 1
| #define HAVE_SYS_STAT_H 1
| #define HAVE_STDLIB_H 1
| #define HAVE_STRING_H 1
| #define HAVE_MEMORY_H 1
| #define HAVE_STRINGS_H 1
| #define HAVE_INTTYPES_H 1
| #define HAVE_STDINT_H 1
| #define HAVE_UNISTD_H 1
| #define HAVE__BOOL 1
| #define HAVE_STDBOOL_H 1
| #define HAVE_VPRINTF 1
| /* end confdefs.h.  */
| /* Define _doprnt to an innocuous variant, in case <limits.h> declares _doprnt.
|    For example, HP-UX 11i <limits.h> declares gettimeofday.  */
| #define _doprnt innocuous__doprnt
| 
| /* System header to define __stub macros and hopefully few prototypes,
|     which can conflict with char _doprnt (); below.
|     Prefer <limits.h> to <assert.h> if __STDC__ is defined, since
|     <limits.h> exists even on freestanding compilers.  */
| 
| #ifdef __STDC__
| # include <limits.h>
| #else
| # include <assert.h>
| #endif
| 
| #undef _doprnt
| 
| /* Override any GCC internal prototype to avoid an error.
|    Use char because int might match the return type of a GCC
|    builtin and then its argument prototype would still apply.  */
| #ifdef __cplusplus
| extern "C"
| #endif
| char _doprnt ();
| /* The GNU C library defines this for functions which it implements
|     to always fail with ENOSYS.  Some functions are actually named
|     something starting with __ and the normal name is an alias.  */
| #if defined __stub__doprnt || defined __stub____doprnt
| choke me
| #endif
| 
| int
| main ()
| {
| return _doprnt ();
|   ;
|   return 0;
| }
configure:4950: result: no
configure:4963: checking for sqrt
configure:4963: gcc -o conftest -g -O2   conftest.c  >&5
conftest.c:47:6: warning: conflicting types for built-in function 'sqrt'
 char sqrt ();
      ^
/tmp/ccVlbSeH.o: In function `main':
/home/student/SeniorDesign-MetagenomicPipeline/idba-master/conftest.c:58: undefined reference to `sqrt'
collect2: error: ld returned 1 exit status
configure:4963: $? = 1
configure: failed program was:
| /* confdefs.h */
| #define PACKAGE_NAME "idba"
| #define PACKAGE_TARNAME "idba"
| #define PACKAGE_VERSION "1.1.3"
| #define PACKAGE_STRING "idba 1.1.3"
| #define PACKAGE_BUGREPORT "loneknightpy@gmail.com"
| #define PACKAGE_URL ""
| #define PACKAGE "idba"
| #define VERSION "1.1.3"
| #define STDC_HEADERS 1
| #define HAVE_SYS_TYPES_H 1
| #define HAVE_SYS_STAT_H 1
| #define HAVE_STDLIB_H 1
| #define HAVE_STRING_H 1
| #define HAVE_MEMORY_H 1
| #define HAVE_STRINGS_H 1
| #define HAVE_INTTYPES_H 1
| #define HAVE_STDINT_H 1
| #define HAVE_UNISTD_H 1
| #define HAVE__BOOL 1
| #define HAVE_STDBOOL_H 1
| #define HAVE_VPRINTF 1
| /* end confdefs.h.  */
| /* Define sqrt to an innocuous variant, in case <limits.h> declares sqrt.
|    For example, HP-UX 11i <limits.h> declares gettimeofday.  */
| #define sqrt innocuous_sqrt
| 
| /* System header to define __stub macros and hopefully few prototypes,
|     which can conflict with char sqrt (); below.
|     Prefer <limits.h> to <assert.h> if __STDC__ is defined, since
|     <limits.h> exists even on freestanding compilers.  */
| 
| #ifdef __STDC__
| # include <limits.h>
| #else
| # include <assert.h>
| #endif
| 
| #undef sqrt
| 
| /* Override any GCC internal prototype to avoid an error.
|    Use char because int might match the return type of a GCC
|    builtin and then its argument prototype would still apply.  */
| #ifdef __cplusplus
| extern "C"
| #endif
| char sqrt ();
| /* The GNU C library defines this for functions which it implements
|     to always fail with ENOSYS.  Some functions are actually named
|     something starting with __ and the normal name is an alias.  */
| #if defined __stub_sqrt || defined __stub___sqrt
| choke me
| #endif
| 
| int
| main ()
| {
| return sqrt ();
|   ;
|   return 0;
| }
configure:4963: result: no
configure:5084: checking that generated files are newer than configure
configure:5090: result: done
configure:5117: creating ./config.status

## ---------------------- ##
## Running config.status. ##
## ---------------------- ##

This file was extended by idba config.status 1.1.3, which was
generated by GNU Autoconf 2.69.  Invocation command line was

  CONFIG_FILES    = 
  CONFIG_HEADERS  = 
  CONFIG_LINKS    = 
  CONFIG_COMMANDS = 
  $ ./config.status 

on cssd-genome

config.status:867: creating Makefile
config.status:867: creating bin/Makefile
config.status:867: creating lib/Makefile
config.status:867: creating test/Makefile
config.status:867: creating script/Makefile
config.status:867: creating config.h
config.status:1048: config.h is unchanged
config.status:1096: executing depfiles commands

## ---------------- ##
## Cache variables. ##
## ---------------- ##

ac_cv_c_compiler_gnu=yes
ac_cv_c_const=yes
ac_cv_cxx_compiler_gnu=yes
ac_cv_env_CCC_set=
ac_cv_env_CCC_value=
ac_cv_env_CC_set=
ac_cv_env_CC_value=
ac_cv_env_CFLAGS_set=
ac_cv_env_CFLAGS_value=
ac_cv_env_CPPFLAGS_set=
ac_cv_env_CPPFLAGS_value=
ac_cv_env_CPP_set=
ac_cv_env_CPP_value=
ac_cv_env_CXXFLAGS_set=
ac_cv_env_CXXFLAGS_value=
ac_cv_env_CXX_set=
ac_cv_env_CXX_value=
ac_cv_env_LDFLAGS_set=
ac_cv_env_LDFLAGS_value=
ac_cv_env_LIBS_set=
ac_cv_env_LIBS_value=
ac_cv_env_build_alias_set=
ac_cv_env_build_alias_value=
ac_cv_env_host_alias_set=
ac_cv_env_host_alias_value=
ac_cv_env_target_alias_set=
ac_cv_env_target_alias_value=
ac_cv_func__doprnt=no
ac_cv_func_memcmp_working=yes
ac_cv_func_sqrt=no
ac_cv_func_vprintf=yes
ac_cv_header_inttypes_h=yes
ac_cv_header_memory_h=yes
ac_cv_header_stdbool_h=yes
ac_cv_header_stdc=yes
ac_cv_header_stdint_h=yes
ac_cv_header_stdlib_h=yes
ac_cv_header_string_h=yes
ac_cv_header_strings_h=yes
ac_cv_header_sys_stat_h=yes
ac_cv_header_sys_types_h=yes
ac_cv_header_unistd_h=yes
ac_cv_objext=o
ac_cv_path_EGREP='/bin/grep -E'
ac_cv_path_GREP=/bin/grep
ac_cv_path_install='/usr/bin/install -c'
ac_cv_path_mkdir=/bin/mkdir
ac_cv_prog_AWK=gawk
ac_cv_prog_CPP='gcc -E'
ac_cv_prog_ac_ct_CC=gcc
ac_cv_prog_ac_ct_CXX=g++
ac_cv_prog_ac_ct_RANLIB=ranlib
ac_cv_prog_cc_c89=
ac_cv_prog_cc_g=yes
ac_cv_prog_cxx_g=yes
ac_cv_prog_make_make_set=yes
ac_cv_type__Bool=yes
am_cv_CC_dependencies_compiler_type=gcc3
am_cv_CXX_dependencies_compiler_type=gcc3
am_cv_make_support_nested_variables=yes
am_cv_prog_cc_c_o=yes

## ----------------- ##
## Output variables. ##
## ----------------- ##

ACLOCAL='${SHELL} /home/student/SeniorDesign-MetagenomicPipeline/idba-master/missing aclocal-1.15'
AMDEPBACKSLASH='\'
AMDEP_FALSE='#'
AMDEP_TRUE=''
AMTAR='$${TAR-tar}'
AM_BACKSLASH='\'
AM_DEFAULT_V='$(AM_DEFAULT_VERBOSITY)'
AM_DEFAULT_VERBOSITY='1'
AM_V='$(V)'
AUTOCONF='${SHELL} /home/student/SeniorDesign-MetagenomicPipeline/idba-master/missing autoconf'
AUTOHEADER='${SHELL} /home/student/SeniorDesign-MetagenomicPipeline/idba-master/missing autoheader'
AUTOMAKE='${SHELL} /home/student/SeniorDesign-MetagenomicPipeline/idba-master/missing automake-1.15'
AWK='gawk'
CC='gcc'
CCDEPMODE='depmode=gcc3'
CFLAGS='-g -O2'
CPP='gcc -E'
CPPFLAGS=''
CXX='g++'
CXXDEPMODE='depmode=gcc3'
CXXFLAGS='-g -O2'
CYGPATH_W='echo'
DEFS='-DHAVE_CONFIG_H'
DEPDIR='.deps'
ECHO_C=''
ECHO_N='-n'
ECHO_T=''
EGREP='/bin/grep -E'
EXEEXT=''
GREP='/bin/grep'
INSTALL_DATA='${INSTALL} -m 644'
INSTALL_PROGRAM='${INSTALL}'
INSTALL_SCRIPT='${INSTALL}'
INSTALL_STRIP_PROGRAM='$(install_sh) -c -s'
LDFLAGS=''
LIBOBJS=''
LIBS=''
LTLIBOBJS=''
MAKEINFO='${SHELL} /home/student/SeniorDesign-MetagenomicPipeline/idba-master/missing makeinfo'
MKDIR_P='/bin/mkdir -p'
OBJEXT='o'
PACKAGE='idba'
PACKAGE_BUGREPORT='loneknightpy@gmail.com'
PACKAGE_NAME='idba'
PACKAGE_STRING='idba 1.1.3'
PACKAGE_TARNAME='idba'
PACKAGE_URL=''
PACKAGE_VERSION='1.1.3'
PATH_SEPARATOR=':'
RANLIB='ranlib'
SET_MAKE=''
SHELL='/bin/bash'
STRIP=''
VERSION='1.1.3'
ac_ct_CC='gcc'
ac_ct_CXX='g++'
am__EXEEXT_FALSE=''
am__EXEEXT_TRUE='#'
am__fastdepCC_FALSE='#'
am__fastdepCC_TRUE=''
am__fastdepCXX_FALSE='#'
am__fastdepCXX_TRUE=''
am__include='include'
am__isrc=''
am__leading_dot='.'
am__nodep='_no'
am__quote=''
am__tar='$${TAR-tar} chof - "$$tardir"'
am__untar='$${TAR-tar} xf -'
bindir='${exec_prefix}/bin'
build_alias=''
datadir='${datarootdir}'
datarootdir='${prefix}/share'
docdir='${datarootdir}/doc/${PACKAGE_TARNAME}'
dvidir='${docdir}'
exec_prefix='${prefix}'
host_alias=''
htmldir='${docdir}'
includedir='${prefix}/include'
infodir='${datarootdir}/info'
install_sh='${SHELL} /home/student/SeniorDesign-MetagenomicPipeline/idba-master/install-sh'
libdir='${exec_prefix}/lib'
libexecdir='${exec_prefix}/libexec'
localedir='${datarootdir}/locale'
localstatedir='${prefix}/var'
mandir='${datarootdir}/man'
mkdir_p='$(MKDIR_P)'
oldincludedir='/usr/include'
pdfdir='${docdir}'
prefix='/usr/local'
program_transform_name='s,x,x,'
psdir='${docdir}'
runstatedir='${localstatedir}/run'
sbindir='${exec_prefix}/sbin'
sharedstatedir='${prefix}/com'
sysconfdir='${prefix}/etc'
target_alias=''

## ----------- ##
## confdefs.h. ##
## ----------- ##

/* confdefs.h */
#define PACKAGE_NAME "idba"
#define PACKAGE_TARNAME "idba"
#define PACKAGE_VERSION "1.1.3"
#define PACKAGE_STRING "idba 1.1.3"
#define PACKAGE_BUGREPORT "loneknightpy@gmail.com"
#define PACKAGE_URL ""
#define PACKAGE "idba"
#define VERSION "1.1.3"
#define STDC_HEADERS 1
#define HAVE_SYS_TYPES_H 1
#define HAVE_SYS_STAT_H 1
#define HAVE_STDLIB_H 1
#define HAVE_STRING_H 1
#define HAVE_MEMORY_H 1
#define HAVE_STRINGS_H 1
#define HAVE_INTTYPES_H 1
#define HAVE_STDINT_H 1
#define HAVE_UNISTD_H 1
#define HAVE__BOOL 1
#define HAVE_STDBOOL_H 1
#define HAVE_VPRINTF 1

configure: exit 0

## ---------------------- ##
## Running config.status. ##
## ---------------------- ##

This file was extended by idba config.status 1.1.3, which was
generated by GNU Autoconf 2.69.  Invocation command line was

  CONFIG_FILES    = 
  CONFIG_HEADERS  = 
  CONFIG_LINKS    = 
  CONFIG_COMMANDS = 
  $ ./config.status config.h

on cssd-genome

config.status:867: creating config.h
config.status:1048: config.h is unchanged
